<?xml version="1.0" encoding="UTF-8"?>
<testng-results skipped="0" failed="0" ignored="0" total="2" passed="2">
  <reporter-output>
  </reporter-output>
  <suite name="Default suite" duration-ms="1263" started-at="2019-01-17T14:56:22Z" finished-at="2019-01-17T14:56:23Z">
    <groups>
    </groups>
    <test name="Default test" duration-ms="1263" started-at="2019-01-17T14:56:22Z" finished-at="2019-01-17T14:56:23Z">
      <class name="test.test.MSWordOperations">
        <test-method status="PASS" signature="alignParagraph()[pri:0, instance:test.test.MSWordOperations@782663d3]" name="alignParagraph" duration-ms="1032" started-at="2019-01-17T14:56:22Z" finished-at="2019-01-17T14:56:23Z">
          <reporter-output>
          </reporter-output>
        </test-method> <!-- alignParagraph -->
        <test-method status="PASS" signature="wordExtractor()[pri:0, instance:test.test.MSWordOperations@782663d3]" name="wordExtractor" duration-ms="176" started-at="2019-01-17T14:56:23Z" finished-at="2019-01-17T14:56:23Z">
          <reporter-output>
          </reporter-output>
        </test-method> <!-- wordExtractor -->
      </class> <!-- test.test.MSWordOperations -->
    </test> <!-- Default test -->
  </suite> <!-- Default suite -->
</testng-results>
